<?xml version="1.0" encoding="UTF-8"?>
<factura id="comprobante" version="1.0.0">
<infoTributaria>
<ambiente>2</ambiente>
<tipoEmision>1</tipoEmision>
<razonSocial>GLENDA ELIZABETH ZAPATA SILVA</razonSocial>
<nombreComercial>NOTARIA DECIMA OCTAVA - PICHINCHA - QUITO</nombreComercial>
<ruc>0601798473001</ruc>
<claveAcceso>3007202501060179847300120010020001200900000556614</claveAcceso>
<codDoc>01</codDoc>
<estab>001</estab>
<ptoEmi>002</ptoEmi>
<secuencial>000120091</secuencial>
<dirMatriz>AZUAY E2-231 ENTRE AMAZONAS Y REPÚBLICA.DIAGONAL AL EDIFICIO ASEGURADORA CONFIANZA</dirMatriz>
<agenteRetencion>1</agenteRetencion>
</infoTributaria>
<infoFactura>
<fechaEmision>30/07/2025</fechaEmision>
<obligadoContabilidad>SI</obligadoContabilidad>
<tipoIdentificacionComprador>05</tipoIdentificacionComprador>
<razonSocialComprador>MARIA ELENA RODRIGUEZ CASTRO</razonSocialComprador>
<identificacionComprador>1706730206</identificacionComprador>
<direccionComprador>AMAZONAS N23-145</direccionComprador>
<totalSinImpuestos>45.30</totalSinImpuestos>
<totalDescuento>0</totalDescuento>
<totalConImpuestos>
<totalImpuesto>
<codigo>2</codigo>
<codigoPorcentaje>4</codigoPorcentaje>
<descuentoAdicional>0</descuentoAdicional>
<baseImponible>45.30</baseImponible>
<valor>6.80</valor>
</totalImpuesto>
</totalConImpuestos>
<propina>0</propina>
<importeTotal>52.10</importeTotal>
<moneda>DOLAR</moneda>
<pagos>
<pago>
<formaPago>01</formaPago>
<total>52.10</total>
</pago>
</pagos>
</infoFactura>
<detalles>
<detalle>
<codigoPrincipal>520</codigoPrincipal>
<codigoAuxiliar>301</codigoAuxiliar>
<descripcion>CERTIFICACIÓN DE ACTAS DE NACIMIENTO</descripcion>
<cantidad>2</cantidad>
<precioUnitario>15.00</precioUnitario>
<descuento>0</descuento>
<precioTotalSinImpuesto>30.00</precioTotalSinImpuesto>
<impuestos>
<impuesto>
<codigo>2</codigo>
<codigoPorcentaje>4</codigoPorcentaje>
<tarifa>15.00</tarifa>
<baseImponible>30.00</baseImponible>
<valor>4.50</valor>
</impuesto>
</impuestos>
</detalle>
<detalle>
<codigoPrincipal>520</codigoPrincipal>
<codigoAuxiliar>302</codigoAuxiliar>
<descripcion>CERTIFICACIÓN DE ACTAS DE MATRIMONIO</descripcion>
<cantidad>1</cantidad>
<precioUnitario>15.30</precioUnitario>
<descuento>0</descuento>
<precioTotalSinImpuesto>15.30</precioTotalSinImpuesto>
<impuestos>
<impuesto>
<codigo>2</codigo>
<codigoPorcentaje>4</codigoPorcentaje>
<tarifa>15.00</tarifa>
<baseImponible>15.30</baseImponible>
<valor>2.30</valor>
</impuesto>
</impuestos>
</detalle>
</detalles>
<infoAdicional>
<campoAdicional nombre="Matrizador">JOSE LUIS ZAPATA SILVA</campoAdicional>
<campoAdicional nombre="NÚMERO DE LIBRO">20251701018C01637</campoAdicional>
<campoAdicional nombre="Email Cliente">mrodriguez@gmail.com</campoAdicional>
<campoAdicional nombre="TELÉFONO">0998765432</campoAdicional>
<campoAdicional nombre="CELULAR">0998765432</campoAdicional>
</infoAdicional>
</factura> 