<?xml version="1.0" encoding="UTF-8"?>
<factura id="comprobante" version="1.0.0">
<infoTributaria>
<ambiente>2</ambiente>
<tipoEmision>1</tipoEmision>
<razonSocial>GLENDA ELIZABETH ZAPATA SILVA</razonSocial>
<nombreComercial>NOTARIA DECIMA OCTAVA - PICHINCHA - QUITO</nombreComercial>
<ruc>0601798473001</ruc>
<claveAcceso>3007202501060179847300120010020001200900000556613</claveAcceso>
<codDoc>01</codDoc>
<estab>001</estab>
<ptoEmi>002</ptoEmi>
<secuencial>000120090</secuencial>
<dirMatriz>AZUAY E2-231 ENTRE AMAZONAS Y REPÚBLICA.DIAGONAL AL EDIFICIO ASEGURADORA CONFIANZA</dirMatriz>
<agenteRetencion>1</agenteRetencion>
</infoTributaria>
<infoFactura>
<fechaEmision>30/07/2025</fechaEmision>
<obligadoContabilidad>SI</obligadoContabilidad>
<tipoIdentificacionComprador>05</tipoIdentificacionComprador>
<razonSocialComprador>GALO ENRIQUE SANDOVAL DUQUE</razonSocialComprador>
<identificacionComprador>1706730205</identificacionComprador>
<direccionComprador>ISLA SEYMUR N44-322</direccionComprador>
<totalSinImpuestos>58.49</totalSinImpuestos>
<totalDescuento>0</totalDescuento>
<totalConImpuestos>
<totalImpuesto>
<codigo>2</codigo>
<codigoPorcentaje>4</codigoPorcentaje>
<descuentoAdicional>0</descuentoAdicional>
<baseImponible>58.19</baseImponible>
<valor>8.73</valor>
</totalImpuesto>
<totalImpuesto>
<codigo>2</codigo>
<codigoPorcentaje>0</codigoPorcentaje>
<descuentoAdicional>0</descuentoAdicional>
<baseImponible>0.30</baseImponible>
<valor>0</valor>
</totalImpuesto>
</totalConImpuestos>
<propina>0</propina>
<importeTotal>67.22</importeTotal>
<moneda>DOLAR</moneda>
<pagos>
<pago>
<formaPago>01</formaPago>
<total>67.22</total>
</pago>
</pagos>
</infoFactura>
<detalles>
<detalle>
<codigoPrincipal>519</codigoPrincipal>
<codigoAuxiliar>629</codigoAuxiliar>
<descripcion>PROCURACIÓN JUDICIAL PERSONA NATURAL</descripcion>
<cantidad>1</cantidad>
<precioUnitario>56.40</precioUnitario>
<descuento>0</descuento>
<precioTotalSinImpuesto>56.40</precioTotalSinImpuesto>
<impuestos>
<impuesto>
<codigo>2</codigo>
<codigoPorcentaje>4</codigoPorcentaje>
<tarifa>15.00</tarifa>
<baseImponible>56.40</baseImponible>
<valor>8.46</valor>
</impuesto>
</impuestos>
</detalle>
<detalle>
<codigoPrincipal>519</codigoPrincipal>
<codigoAuxiliar>428</codigoAuxiliar>
<descripcion>(1) CONSULTA DATOS BIOMETRICOS SISTEMA NACIONAL DE IDENTIFICACIÓN CIUDADANA - REGISTRO CIVIL (P)</descripcion>
<cantidad>1</cantidad>
<precioUnitario>0.30</precioUnitario>
<descuento>0</descuento>
<precioTotalSinImpuesto>0.30</precioTotalSinImpuesto>
<impuestos>
<impuesto>
<codigo>2</codigo>
<codigoPorcentaje>0</codigoPorcentaje>
<tarifa>0.00</tarifa>
<baseImponible>0.30</baseImponible>
<valor>0</valor>
</impuesto>
</impuestos>
</detalle>
<detalle>
<codigoPrincipal>519</codigoPrincipal>
<codigoAuxiliar>660</codigoAuxiliar>
<descripcion>(1) CERTIFICACIÓN DE DOCUMENTOS EXHIBIDOS EN ORIGINAL O COPIA CERTIFICADA QUE SE INCORPOREN A LA ESCRITURA PÚBLICA</descripcion>
<cantidad>1</cantidad>
<precioUnitario>1.79</precioUnitario>
<descuento>0</descuento>
<precioTotalSinImpuesto>1.79</precioTotalSinImpuesto>
<impuestos>
<impuesto>
<codigo>2</codigo>
<codigoPorcentaje>4</codigoPorcentaje>
<tarifa>15.00</tarifa>
<baseImponible>1.79</baseImponible>
<valor>0.27</valor>
</impuesto>
</impuestos>
</detalle>
</detalles>
<infoAdicional>
<campoAdicional nombre="Matrizador">JOSE LUIS ZAPATA SILVA</campoAdicional>
<campoAdicional nombre="NÚMERO DE LIBRO">20251701018P01738</campoAdicional>
<campoAdicional nombre="Email Cliente">gsandoval@hotmail.com</campoAdicional>
<campoAdicional nombre="TELÉFONO">0999447256</campoAdicional>
<campoAdicional nombre="CELULAR">0999447256</campoAdicional>
</infoAdicional>
</factura> 